<?xml version="1.0" encoding="UTF-8"?>
<!-- Generated by org.testng.reporters.JUnitReportReporter -->
<testsuite hostname="LAPTOP-N8BR68GL" failures="0" tests="1" name="com.qa.testcases.ProductCataloguePageTest" time="1.572" errors="0" timestamp="2025-01-30T08:47:34 IST" skipped="0">
  <testcase classname="com.qa.testcases.ProductCataloguePageTest" name="productCataloguePageTitleTest" time="1.572"/>
</testsuite> <!-- com.qa.testcases.ProductCataloguePageTest -->
