<?xml version="1.0" encoding="UTF-8"?>
<!-- Generated by org.testng.reporters.JUnitReportReporter -->
<testsuite hostname="LAPTOP-N8BR68GL" failures="0" tests="1" name="com.qa.testcases.ProductCataloguePageTest" time="1.472" errors="0" timestamp="2025-10-05T06:52:37 IST" skipped="0">
  <testcase classname="com.qa.testcases.ProductCataloguePageTest" name="productCataloguePageTitleTest" time="1.472"/>
</testsuite> <!-- com.qa.testcases.ProductCataloguePageTest -->
